Build started 18.12.2013 г. 01:49:53 ч..
     1>Project "D:\Projects\Pacman\Pacman\Pacman\Pacman.vcxproj" on node 2 (Build target(s)).
     1>ClCompile:
         D:\Program Files\Visual Studio 2013\VC\bin\CL.exe /c /Zi /nologo /W3 /WX- /sdl /O2 /Oi /Oy- /GL /D _MBCS /Gm- /EHsc /MD /GS /Gy /fp:precise /Zc:wchar_t /Zc:forScope /Fo"Release\\" /Fd"Release\vc120.pdb" /Gd /TP /analyze- /errorReport:prompt Main.cpp
         Main.cpp
     1>Main.cpp(128): warning C4244: 'argument' : conversion from 'float' to 'size_t', possible loss of data
     1>Main.cpp(132): warning C4244: 'initializing' : conversion from 'double' to 'float', possible loss of data
     1>Main.cpp(141): warning C4244: 'initializing' : conversion from 'double' to 'float', possible loss of data
       Link:
         D:\Program Files\Visual Studio 2013\VC\bin\link.exe /ERRORREPORT:PROMPT /OUT:"D:\Projects\Pacman\Pacman\Release\Pacman.exe" /NOLOGO SDL.lib SDLmain.lib SDL_image.lib kernel32.lib user32.lib gdi32.lib winspool.lib comdlg32.lib advapi32.lib shell32.lib ole32.lib oleaut32.lib uuid.lib odbc32.lib odbccp32.lib /MANIFEST /MANIFESTUAC:"level='asInvoker' uiAccess='false'" /manifest:embed /DEBUG /PDB:"D:\Projects\Pacman\Pacman\Release\Pacman.pdb" /SUBSYSTEM:WINDOWS /OPT:REF /OPT:ICF /LTCG /TLBID:1 /DYNAMICBASE /NXCOMPAT /IMPLIB:"D:\Projects\Pacman\Pacman\Release\Pacman.lib" /MACHINE:X86 /SAFESEH Release\Main.obj
         Release\PowerUp.obj
         Release\Ghost.obj
         Release\Pacman.obj
         Release\SDLInput.obj
         Release\SDLRenderer.obj
         Release\Timer.obj
         Generating code
     1>d:\projects\pacman\pacman\pacman\pacman.h(47): warning C4715: 'Pacman::Pacman::GetType' : not all control paths return a value
     1>d:\projects\pacman\pacman\pacman\ghost.cpp(326): warning C4715: 'Pacman::PinkGhost::UpdateTarget' : not all control paths return a value
     1>d:\projects\pacman\pacman\pacman\ghost.cpp(393): warning C4715: 'Pacman::BlueGhost::UpdateTarget' : not all control paths return a value
     1>d:\projects\pacman\pacman\pacman\ghost.cpp(248): warning C4715: 'Pacman::RedGhost::UpdateTarget' : not all control paths return a value
     1>d:\projects\pacman\pacman\pacman\ghost.cpp(278): warning C4715: 'Pacman::OrangeGhost::UpdateTarget' : not all control paths return a value
         Finished generating code
         Pacman.vcxproj -> D:\Projects\Pacman\Pacman\Release\Pacman.exe
     1>Done Building Project "D:\Projects\Pacman\Pacman\Pacman\Pacman.vcxproj" (Build target(s)).

Build succeeded.

Time Elapsed 00:00:02.93
